1606757486290	geckodriver	INFO	Listening on 127.0.0.1:50453
1606757489365	mozrunner::runner	INFO	Running command: "C:\\Program Files\\Mozilla Firefox\\firefox.exe" "--marionette" "-foreground" "-no-remote" "-profile" "C:\\Users\\neejo\\AppData\\Local\\Temp\\rust_mozprofile7eG3P4"
1606757592136	geckodriver	INFO	Listening on 127.0.0.1:50632
1606757595173	mozrunner::runner	INFO	Running command: "C:\\Program Files\\Mozilla Firefox\\firefox.exe" "--marionette" "-foreground" "-no-remote" "-profile" "C:\\Users\\neejo\\AppData\\Local\\Temp\\rust_mozprofilebna6wP"
Can't find symbol 'eglSwapBuffersWithDamageEXT'.
JavaScript error: resource://gre/modules/XULStore.jsm, line 66: Error: Can't find profile directory.
console.warn: SearchSettings: "get: No settings file exists, new profile?" (new Error("", "(unknown module)"))
1606757600013	Marionette	INFO	Listening on port 50640
1606757600485	Marionette	WARN	TLS certificate errors will be ignored for this session
JavaScript error: https://www.nationsonline.org/oneworld/US-states-population.htm, line 1127: TypeError: header is null
Can't find symbol 'eglSwapBuffersWithDamageEXT'.
JavaScript error: https://www.nationsonline.org/oneworld/US-states-population.htm, line 1133: TypeError: header is null
JavaScript error: https://www.nationsonline.org/oneworld/US-states-population.htm, line 1133: TypeError: header is null
JavaScript error: https://www.nationsonline.org/oneworld/US-states-population.htm, line 1133: TypeError: header is null
JavaScript error: https://www.nationsonline.org/oneworld/US-states-population.htm, line 1133: TypeError: header is null
JavaScript error: https://www.nationsonline.org/oneworld/US-states-population.htm, line 1133: TypeError: header is null
JavaScript error: https://www.nationsonline.org/oneworld/US-states-population.htm, line 1133: TypeError: header is null
JavaScript error: https://www.nationsonline.org/oneworld/US-states-population.htm, line 1133: TypeError: header is null
JavaScript error: https://www.nationsonline.org/oneworld/US-states-population.htm, line 1133: TypeError: header is null
JavaScript error: https://www.nationsonline.org/oneworld/US-states-population.htm, line 1133: TypeError: header is null
JavaScript error: https://www.nationsonline.org/oneworld/US-states-population.htm, line 1133: TypeError: header is null
JavaScript error: https://www.nationsonline.org/oneworld/US-states-population.htm, line 1133: TypeError: header is null
JavaScript error: https://www.nationsonline.org/oneworld/US-states-population.htm, line 1133: TypeError: header is null
JavaScript error: https://www.nationsonline.org/oneworld/US-states-population.htm, line 1133: TypeError: header is null
JavaScript error: https://www.nationsonline.org/oneworld/US-states-population.htm, line 1133: TypeError: header is null
JavaScript error: https://www.nationsonline.org/oneworld/US-states-population.htm, line 1133: TypeError: header is null
JavaScript error: https://www.nationsonline.org/oneworld/US-states-population.htm, line 1133: TypeError: header is null
JavaScript error: https://www.nationsonline.org/oneworld/US-states-population.htm, line 1133: TypeError: header is null
JavaScript error: https://www.nationsonline.org/oneworld/US-states-population.htm, line 1133: TypeError: header is null
JavaScript error: https://www.nationsonline.org/oneworld/US-states-population.htm, line 1133: TypeError: header is null
JavaScript error: https://www.nationsonline.org/oneworld/US-states-population.htm, line 1133: TypeError: header is null
JavaScript error: https://www.nationsonline.org/oneworld/US-states-population.htm, line 1133: TypeError: header is null
JavaScript error: https://www.nationsonline.org/oneworld/US-states-population.htm, line 1133: TypeError: header is null
JavaScript error: https://www.nationsonline.org/oneworld/US-states-population.htm, line 1133: TypeError: header is null
JavaScript error: https://www.nationsonline.org/oneworld/US-states-population.htm, line 1133: TypeError: header is null
JavaScript error: https://www.nationsonline.org/oneworld/US-states-population.htm, line 1133: TypeError: header is null
JavaScript error: https://www.nationsonline.org/oneworld/US-states-population.htm, line 1133: TypeError: header is null
JavaScript error: https://www.nationsonline.org/oneworld/US-states-population.htm, line 1133: TypeError: header is null
JavaScript error: https://www.nationsonline.org/oneworld/US-states-population.htm, line 1133: TypeError: header is null
JavaScript error: https://www.nationsonline.org/oneworld/US-states-population.htm, line 1133: TypeError: header is null
JavaScript error: https://www.nationsonline.org/oneworld/US-states-population.htm, line 1133: TypeError: header is null
JavaScript error: https://www.nationsonline.org/oneworld/US-states-population.htm, line 1133: TypeError: header is null
JavaScript error: https://www.nationsonline.org/oneworld/US-states-population.htm, line 1133: TypeError: header is null
JavaScript error: https://www.nationsonline.org/oneworld/US-states-population.htm, line 1133: TypeError: header is null
JavaScript error: https://www.nationsonline.org/oneworld/US-states-population.htm, line 1133: TypeError: header is null
JavaScript error: https://www.nationsonline.org/oneworld/US-states-population.htm, line 1133: TypeError: header is null
JavaScript error: https://www.nationsonline.org/oneworld/US-states-population.htm, line 1133: TypeError: header is null
JavaScript error: https://www.nationsonline.org/oneworld/US-states-population.htm, line 1133: TypeError: header is null
JavaScript error: https://www.nationsonline.org/oneworld/US-states-population.htm, line 1133: TypeError: header is null
JavaScript error: https://www.nationsonline.org/oneworld/US-states-population.htm, line 1133: TypeError: header is null
JavaScript error: https://www.nationsonline.org/oneworld/US-states-population.htm, line 1133: TypeError: header is null
JavaScript error: https://www.nationsonline.org/oneworld/US-states-population.htm, line 1133: TypeError: header is null
JavaScript error: https://www.nationsonline.org/oneworld/US-states-population.htm, line 1133: TypeError: header is null
JavaScript error: https://www.nationsonline.org/oneworld/US-states-population.htm, line 1133: TypeError: header is null
JavaScript error: https://www.nationsonline.org/oneworld/US-states-population.htm, line 1133: TypeError: header is null
JavaScript error: https://www.nationsonline.org/oneworld/US-states-population.htm, line 1133: TypeError: header is null
JavaScript error: https://www.nationsonline.org/oneworld/US-states-population.htm, line 1133: TypeError: header is null
JavaScript error: https://www.nationsonline.org/oneworld/US-states-population.htm, line 1133: TypeError: header is null
JavaScript error: https://www.nationsonline.org/oneworld/US-states-population.htm, line 1133: TypeError: header is null
JavaScript error: https://www.nationsonline.org/oneworld/US-states-population.htm, line 1133: TypeError: header is null
JavaScript error: https://www.nationsonline.org/oneworld/US-states-population.htm, line 1133: TypeError: header is null
JavaScript error: https://www.nationsonline.org/oneworld/US-states-population.htm, line 1133: TypeError: header is null
JavaScript error: https://www.nationsonline.org/oneworld/US-states-population.htm, line 1133: TypeError: header is null
JavaScript error: https://www.nationsonline.org/oneworld/US-states-population.htm, line 1133: TypeError: header is null
JavaScript error: https://www.nationsonline.org/oneworld/US-states-population.htm, line 1133: TypeError: header is null
JavaScript error: https://www.nationsonline.org/oneworld/US-states-population.htm, line 1133: TypeError: header is null
JavaScript error: https://www.nationsonline.org/oneworld/US-states-population.htm, line 1133: TypeError: header is null
JavaScript error: https://www.nationsonline.org/oneworld/US-states-population.htm, line 1133: TypeError: header is null
JavaScript error: https://www.nationsonline.org/oneworld/US-states-population.htm, line 1133: TypeError: header is null
JavaScript error: https://www.nationsonline.org/oneworld/US-states-population.htm, line 1133: TypeError: header is null
JavaScript error: https://www.nationsonline.org/oneworld/US-states-population.htm, line 1133: TypeError: header is null
JavaScript error: https://www.nationsonline.org/oneworld/US-states-population.htm, line 1133: TypeError: header is null
JavaScript error: https://www.nationsonline.org/oneworld/US-states-population.htm, line 1133: TypeError: header is null
JavaScript error: https://www.nationsonline.org/oneworld/US-states-population.htm, line 1133: TypeError: header is null
JavaScript error: https://www.nationsonline.org/oneworld/US-states-population.htm, line 1133: TypeError: header is null
JavaScript error: https://www.nationsonline.org/oneworld/US-states-population.htm, line 1133: TypeError: header is null
JavaScript error: https://www.nationsonline.org/oneworld/US-states-population.htm, line 1133: TypeError: header is null
JavaScript error: https://www.nationsonline.org/oneworld/US-states-population.htm, line 1133: TypeError: header is null
JavaScript error: https://www.nationsonline.org/oneworld/US-states-population.htm, line 1133: TypeError: header is null
JavaScript error: https://www.nationsonline.org/oneworld/US-states-population.htm, line 1133: TypeError: header is null
JavaScript error: https://www.nationsonline.org/oneworld/US-states-population.htm, line 1133: TypeError: header is null
JavaScript error: https://www.nationsonline.org/oneworld/US-states-population.htm, line 1133: TypeError: header is null
JavaScript error: https://www.nationsonline.org/oneworld/US-states-population.htm, line 1133: TypeError: header is null
JavaScript error: https://www.nationsonline.org/oneworld/US-states-population.htm, line 1133: TypeError: header is null
JavaScript error: https://www.nationsonline.org/oneworld/US-states-population.htm, line 1133: TypeError: header is null
JavaScript error: https://www.nationsonline.org/oneworld/US-states-population.htm, line 1133: TypeError: header is null
JavaScript error: https://www.nationsonline.org/oneworld/US-states-population.htm, line 1133: TypeError: header is null
JavaScript error: https://www.nationsonline.org/oneworld/US-states-population.htm, line 1133: TypeError: header is null
JavaScript error: https://www.nationsonline.org/oneworld/US-states-population.htm, line 1133: TypeError: header is null
JavaScript error: https://www.nationsonline.org/oneworld/US-states-population.htm, line 1133: TypeError: header is null
JavaScript error: https://www.nationsonline.org/oneworld/US-states-population.htm, line 1133: TypeError: header is null
JavaScript error: https://www.nationsonline.org/oneworld/US-states-population.htm, line 1133: TypeError: header is null
JavaScript error: https://www.nationsonline.org/oneworld/US-states-population.htm, line 1133: TypeError: header is null
JavaScript error: https://www.nationsonline.org/oneworld/US-states-population.htm, line 1133: TypeError: header is null
JavaScript error: https://www.nationsonline.org/oneworld/US-states-population.htm, line 1133: TypeError: header is null
JavaScript error: https://www.nationsonline.org/oneworld/US-states-population.htm, line 1133: TypeError: header is null
JavaScript error: https://www.nationsonline.org/oneworld/US-states-population.htm, line 1133: TypeError: header is null
JavaScript error: https://www.nationsonline.org/oneworld/US-states-population.htm, line 1133: TypeError: header is null
JavaScript error: https://www.nationsonline.org/oneworld/US-states-population.htm, line 1133: TypeError: header is null
JavaScript error: https://www.nationsonline.org/oneworld/US-states-population.htm, line 1133: TypeError: header is null
JavaScript error: https://www.nationsonline.org/oneworld/US-states-population.htm, line 1133: TypeError: header is null
JavaScript error: https://www.nationsonline.org/oneworld/US-states-population.htm, line 1133: TypeError: header is null
JavaScript error: https://www.nationsonline.org/oneworld/US-states-population.htm, line 1133: TypeError: header is null
JavaScript error: https://www.nationsonline.org/oneworld/US-states-population.htm, line 1133: TypeError: header is null
JavaScript error: https://www.nationsonline.org/oneworld/US-states-population.htm, line 1133: TypeError: header is null
JavaScript error: https://www.nationsonline.org/oneworld/US-states-population.htm, line 1133: TypeError: header is null
JavaScript error: https://www.nationsonline.org/oneworld/US-states-population.htm, line 1133: TypeError: header is null
JavaScript error: https://www.nationsonline.org/oneworld/US-states-population.htm, line 1133: TypeError: header is null
JavaScript error: https://www.nationsonline.org/oneworld/US-states-population.htm, line 1133: TypeError: header is null
JavaScript error: https://www.nationsonline.org/oneworld/US-states-population.htm, line 1133: TypeError: header is null
JavaScript error: https://www.nationsonline.org/oneworld/US-states-population.htm, line 1133: TypeError: header is null
JavaScript error: https://www.nationsonline.org/oneworld/US-states-population.htm, line 1133: TypeError: header is null
JavaScript error: https://www.nationsonline.org/oneworld/US-states-population.htm, line 1133: TypeError: header is null
JavaScript error: https://www.nationsonline.org/oneworld/US-states-population.htm, line 1133: TypeError: header is null
JavaScript error: https://www.nationsonline.org/oneworld/US-states-population.htm, line 1133: TypeError: header is null
JavaScript error: https://www.nationsonline.org/oneworld/US-states-population.htm, line 1133: TypeError: header is null
JavaScript error: https://www.nationsonline.org/oneworld/US-states-population.htm, line 1133: TypeError: header is null
JavaScript error: https://www.nationsonline.org/oneworld/US-states-population.htm, line 1133: TypeError: header is null
JavaScript error: https://www.nationsonline.org/oneworld/US-states-population.htm, line 1133: TypeError: header is null
JavaScript error: https://www.nationsonline.org/oneworld/US-states-population.htm, line 1133: TypeError: header is null
JavaScript error: https://www.nationsonline.org/oneworld/US-states-population.htm, line 1133: TypeError: header is null
JavaScript error: https://www.nationsonline.org/oneworld/US-states-population.htm, line 1133: TypeError: header is null
JavaScript error: https://www.nationsonline.org/oneworld/US-states-population.htm, line 1133: TypeError: header is null
JavaScript error: https://www.nationsonline.org/oneworld/US-states-population.htm, line 1133: TypeError: header is null
JavaScript error: https://www.nationsonline.org/oneworld/US-states-population.htm, line 1133: TypeError: header is null
JavaScript error: https://www.nationsonline.org/oneworld/US-states-population.htm, line 1133: TypeError: header is null
JavaScript error: https://www.nationsonline.org/oneworld/US-states-population.htm, line 1133: TypeError: header is null
JavaScript error: https://www.nationsonline.org/oneworld/US-states-population.htm, line 1133: TypeError: header is null
JavaScript error: https://www.nationsonline.org/oneworld/US-states-population.htm, line 1133: TypeError: header is null
JavaScript error: https://www.nationsonline.org/oneworld/US-states-population.htm, line 1133: TypeError: header is null
JavaScript error: https://www.nationsonline.org/oneworld/US-states-population.htm, line 1133: TypeError: header is null
JavaScript error: https://www.nationsonline.org/oneworld/US-states-population.htm, line 1133: TypeError: header is null
JavaScript error: https://www.nationsonline.org/oneworld/US-states-population.htm, line 1133: TypeError: header is null
JavaScript error: https://www.nationsonline.org/oneworld/US-states-population.htm, line 1133: TypeError: header is null
JavaScript error: https://www.nationsonline.org/oneworld/US-states-population.htm, line 1133: TypeError: header is null
JavaScript error: https://www.nationsonline.org/oneworld/US-states-population.htm, line 1133: TypeError: header is null
JavaScript error: https://www.nationsonline.org/oneworld/US-states-population.htm, line 1133: TypeError: header is null
JavaScript error: https://www.nationsonline.org/oneworld/US-states-population.htm, line 1133: TypeError: header is null
JavaScript error: https://www.nationsonline.org/oneworld/US-states-population.htm, line 1133: TypeError: header is null
JavaScript error: https://www.nationsonline.org/oneworld/US-states-population.htm, line 1133: TypeError: header is null
JavaScript error: https://www.nationsonline.org/oneworld/US-states-population.htm, line 1133: TypeError: header is null
JavaScript error: https://www.nationsonline.org/oneworld/US-states-population.htm, line 1133: TypeError: header is null
JavaScript error: https://www.nationsonline.org/oneworld/US-states-population.htm, line 1133: TypeError: header is null
JavaScript error: https://www.nationsonline.org/oneworld/US-states-population.htm, line 1133: TypeError: header is null
JavaScript error: https://www.nationsonline.org/oneworld/US-states-population.htm, line 1133: TypeError: header is null
JavaScript error: https://www.nationsonline.org/oneworld/US-states-population.htm, line 1133: TypeError: header is null
JavaScript error: https://www.nationsonline.org/oneworld/US-states-population.htm, line 1133: TypeError: header is null
JavaScript error: https://www.nationsonline.org/oneworld/US-states-population.htm, line 1133: TypeError: header is null
JavaScript error: https://www.nationsonline.org/oneworld/US-states-population.htm, line 1133: TypeError: header is null
JavaScript error: https://www.nationsonline.org/oneworld/US-states-population.htm, line 1133: TypeError: header is null
JavaScript error: https://www.nationsonline.org/oneworld/US-states-population.htm, line 1133: TypeError: header is null
JavaScript error: https://www.nationsonline.org/oneworld/US-states-population.htm, line 1133: TypeError: header is null
JavaScript error: https://www.nationsonline.org/oneworld/US-states-population.htm, line 1133: TypeError: header is null
JavaScript error: https://www.nationsonline.org/oneworld/US-states-population.htm, line 1133: TypeError: header is null
JavaScript error: https://www.nationsonline.org/oneworld/US-states-population.htm, line 1133: TypeError: header is null
JavaScript error: https://www.nationsonline.org/oneworld/US-states-population.htm, line 1133: TypeError: header is null
JavaScript error: https://www.nationsonline.org/oneworld/US-states-population.htm, line 1133: TypeError: header is null
JavaScript error: https://www.nationsonline.org/oneworld/US-states-population.htm, line 1133: TypeError: header is null
JavaScript error: https://www.nationsonline.org/oneworld/US-states-population.htm, line 1133: TypeError: header is null
JavaScript error: https://www.nationsonline.org/oneworld/US-states-population.htm, line 1133: TypeError: header is null
JavaScript error: https://www.nationsonline.org/oneworld/US-states-population.htm, line 1133: TypeError: header is null
JavaScript error: https://www.nationsonline.org/oneworld/US-states-population.htm, line 1133: TypeError: header is null
JavaScript error: https://www.nationsonline.org/oneworld/US-states-population.htm, line 1133: TypeError: header is null
JavaScript error: https://www.nationsonline.org/oneworld/US-states-population.htm, line 1133: TypeError: header is null
JavaScript error: https://www.nationsonline.org/oneworld/US-states-population.htm, line 1133: TypeError: header is null
JavaScript error: https://www.nationsonline.org/oneworld/US-states-population.htm, line 1133: TypeError: header is null
JavaScript error: https://www.nationsonline.org/oneworld/US-states-population.htm, line 1133: TypeError: header is null
JavaScript error: https://www.nationsonline.org/oneworld/US-states-population.htm, line 1133: TypeError: header is null
JavaScript error: https://www.nationsonline.org/oneworld/US-states-population.htm, line 1133: TypeError: header is null
JavaScript error: https://www.nationsonline.org/oneworld/US-states-population.htm, line 1133: TypeError: header is null
JavaScript error: https://www.nationsonline.org/oneworld/US-states-population.htm, line 1133: TypeError: header is null
JavaScript error: https://www.nationsonline.org/oneworld/US-states-population.htm, line 1133: TypeError: header is null
JavaScript error: https://www.nationsonline.org/oneworld/US-states-population.htm, line 1133: TypeError: header is null
JavaScript error: https://www.nationsonline.org/oneworld/US-states-population.htm, line 1133: TypeError: header is null
JavaScript error: https://www.nationsonline.org/oneworld/US-states-population.htm, line 1133: TypeError: header is null
JavaScript error: https://www.nationsonline.org/oneworld/US-states-population.htm, line 1133: TypeError: header is null
JavaScript error: https://www.nationsonline.org/oneworld/US-states-population.htm, line 1133: TypeError: header is null
JavaScript error: https://www.nationsonline.org/oneworld/US-states-population.htm, line 1133: TypeError: header is null
JavaScript error: https://www.nationsonline.org/oneworld/US-states-population.htm, line 1133: TypeError: header is null
JavaScript error: https://www.nationsonline.org/oneworld/US-states-population.htm, line 1133: TypeError: header is null
JavaScript error: https://www.nationsonline.org/oneworld/US-states-population.htm, line 1133: TypeError: header is null
JavaScript error: https://www.nationsonline.org/oneworld/US-states-population.htm, line 1133: TypeError: header is null
JavaScript error: https://www.nationsonline.org/oneworld/US-states-population.htm, line 1133: TypeError: header is null
JavaScript error: https://www.nationsonline.org/oneworld/US-states-population.htm, line 1133: TypeError: header is null
JavaScript error: https://www.nationsonline.org/oneworld/US-states-population.htm, line 1133: TypeError: header is null
JavaScript error: https://www.nationsonline.org/oneworld/US-states-population.htm, line 1133: TypeError: header is null
JavaScript error: https://www.nationsonline.org/oneworld/US-states-population.htm, line 1133: TypeError: header is null
JavaScript error: https://www.nationsonline.org/oneworld/US-states-population.htm, line 1133: TypeError: header is null
JavaScript error: https://www.nationsonline.org/oneworld/US-states-population.htm, line 1133: TypeError: header is null
JavaScript error: https://www.nationsonline.org/oneworld/US-states-population.htm, line 1133: TypeError: header is null
JavaScript error: https://www.nationsonline.org/oneworld/US-states-population.htm, line 1133: TypeError: header is null
JavaScript error: https://www.nationsonline.org/oneworld/US-states-population.htm, line 1133: TypeError: header is null
JavaScript error: https://www.nationsonline.org/oneworld/US-states-population.htm, line 1133: TypeError: header is null
JavaScript error: https://www.nationsonline.org/oneworld/US-states-population.htm, line 1133: TypeError: header is null
JavaScript error: https://www.nationsonline.org/oneworld/US-states-population.htm, line 1133: TypeError: header is null
JavaScript error: https://www.nationsonline.org/oneworld/US-states-population.htm, line 1133: TypeError: header is null
JavaScript error: https://www.nationsonline.org/oneworld/US-states-population.htm, line 1133: TypeError: header is null
JavaScript error: https://www.nationsonline.org/oneworld/US-states-population.htm, line 1133: TypeError: header is null
JavaScript error: https://www.nationsonline.org/oneworld/US-states-population.htm, line 1133: TypeError: header is null
JavaScript error: https://www.nationsonline.org/oneworld/US-states-population.htm, line 1133: TypeError: header is null
JavaScript error: https://www.nationsonline.org/oneworld/US-states-population.htm, line 1133: TypeError: header is null
JavaScript error: https://www.nationsonline.org/oneworld/US-states-population.htm, line 1133: TypeError: header is null
JavaScript error: https://www.nationsonline.org/oneworld/US-states-population.htm, line 1133: TypeError: header is null
JavaScript error: https://www.nationsonline.org/oneworld/US-states-population.htm, line 1133: TypeError: header is null
JavaScript error: https://www.nationsonline.org/oneworld/US-states-population.htm, line 1133: TypeError: header is null
JavaScript error: https://www.nationsonline.org/oneworld/US-states-population.htm, line 1133: TypeError: header is null
JavaScript error: https://www.nationsonline.org/oneworld/US-states-population.htm, line 1133: TypeError: header is null
JavaScript error: https://www.nationsonline.org/oneworld/US-states-population.htm, line 1133: TypeError: header is null
JavaScript error: https://www.nationsonline.org/oneworld/US-states-population.htm, line 1133: TypeError: header is null
JavaScript error: https://www.nationsonline.org/oneworld/US-states-population.htm, line 1133: TypeError: header is null
JavaScript error: https://www.nationsonline.org/oneworld/US-states-population.htm, line 1133: TypeError: header is null
JavaScript error: https://www.nationsonline.org/oneworld/US-states-population.htm, line 1133: TypeError: header is null
JavaScript error: https://www.nationsonline.org/oneworld/US-states-population.htm, line 1133: TypeError: header is null
JavaScript error: https://www.nationsonline.org/oneworld/US-states-population.htm, line 1133: TypeError: header is null
JavaScript error: https://www.nationsonline.org/oneworld/US-states-population.htm, line 1133: TypeError: header is null
JavaScript error: https://www.nationsonline.org/oneworld/US-states-population.htm, line 1133: TypeError: header is null
JavaScript error: https://www.nationsonline.org/oneworld/US-states-population.htm, line 1127: TypeError: header is null
Can't find symbol 'eglSwapBuffersWithDamageEXT'.
JavaScript error: https://www.nationsonline.org/oneworld/US-states-population.htm, line 1127: TypeError: header is null
JavaScript error: https://www.nationsonline.org/oneworld/US-states-population.htm, line 1133: TypeError: header is null
JavaScript error: https://www.nationsonline.org/oneworld/US-states-population.htm, line 1133: TypeError: header is null
JavaScript error: https://www.nationsonline.org/oneworld/US-states-population.htm, line 1133: TypeError: header is null
JavaScript error: https://www.nationsonline.org/oneworld/US-states-population.htm, line 1133: TypeError: header is null
JavaScript error: https://www.nationsonline.org/oneworld/US-states-population.htm, line 1133: TypeError: header is null
JavaScript error: https://www.nationsonline.org/oneworld/US-states-population.htm, line 1133: TypeError: header is null
JavaScript error: https://www.nationsonline.org/oneworld/US-states-population.htm, line 1133: TypeError: header is null
JavaScript error: https://www.nationsonline.org/oneworld/US-states-population.htm, line 1133: TypeError: header is null
JavaScript error: https://www.nationsonline.org/oneworld/US-states-population.htm, line 1133: TypeError: header is null
JavaScript error: https://www.nationsonline.org/oneworld/US-states-population.htm, line 1133: TypeError: header is null
JavaScript error: https://www.nationsonline.org/oneworld/US-states-population.htm, line 1133: TypeError: header is null
JavaScript error: https://www.nationsonline.org/oneworld/US-states-population.htm, line 1133: TypeError: header is null
JavaScript error: https://www.nationsonline.org/oneworld/US-states-population.htm, line 1133: TypeError: header is null
JavaScript error: https://www.nationsonline.org/oneworld/US-states-population.htm, line 1133: TypeError: header is null
JavaScript error: https://www.nationsonline.org/oneworld/US-states-population.htm, line 1133: TypeError: header is null
JavaScript error: https://www.nationsonline.org/oneworld/US-states-population.htm, line 1133: TypeError: header is null
JavaScript error: https://www.nationsonline.org/oneworld/US-states-population.htm, line 1133: TypeError: header is null
JavaScript error: https://www.nationsonline.org/oneworld/US-states-population.htm, line 1133: TypeError: header is null
JavaScript error: https://www.nationsonline.org/oneworld/US-states-population.htm, line 1133: TypeError: header is null
JavaScript error: https://www.nationsonline.org/oneworld/US-states-population.htm, line 1133: TypeError: header is null
JavaScript error: https://www.nationsonline.org/oneworld/US-states-population.htm, line 1133: TypeError: header is null
JavaScript error: https://www.nationsonline.org/oneworld/US-states-population.htm, line 1133: TypeError: header is null
JavaScript error: https://www.nationsonline.org/oneworld/US-states-population.htm, line 1133: TypeError: header is null
JavaScript error: https://www.nationsonline.org/oneworld/US-states-population.htm, line 1133: TypeError: header is null
JavaScript error: https://www.nationsonline.org/oneworld/US-states-population.htm, line 1133: TypeError: header is null
JavaScript error: https://www.nationsonline.org/oneworld/US-states-population.htm, line 1133: TypeError: header is null
JavaScript error: https://www.nationsonline.org/oneworld/US-states-population.htm, line 1133: TypeError: header is null
JavaScript error: https://www.nationsonline.org/oneworld/US-states-population.htm, line 1133: TypeError: header is null
JavaScript error: https://www.nationsonline.org/oneworld/US-states-population.htm, line 1133: TypeError: header is null
JavaScript error: https://www.nationsonline.org/oneworld/US-states-population.htm, line 1133: TypeError: header is null
JavaScript error: https://www.nationsonline.org/oneworld/US-states-population.htm, line 1133: TypeError: header is null
JavaScript error: https://www.nationsonline.org/oneworld/US-states-population.htm, line 1133: TypeError: header is null
JavaScript error: https://www.nationsonline.org/oneworld/US-states-population.htm, line 1133: TypeError: header is null
JavaScript error: https://www.nationsonline.org/oneworld/US-states-population.htm, line 1133: TypeError: header is null
JavaScript error: https://www.nationsonline.org/oneworld/US-states-population.htm, line 1133: TypeError: header is null
JavaScript error: https://www.nationsonline.org/oneworld/US-states-population.htm, line 1133: TypeError: header is null
JavaScript error: https://www.nationsonline.org/oneworld/US-states-population.htm, line 1133: TypeError: header is null
JavaScript error: https://www.nationsonline.org/oneworld/US-states-population.htm, line 1133: TypeError: header is null
JavaScript error: https://www.nationsonline.org/oneworld/US-states-population.htm, line 1133: TypeError: header is null
JavaScript error: https://www.nationsonline.org/oneworld/US-states-population.htm, line 1133: TypeError: header is null
JavaScript error: https://www.nationsonline.org/oneworld/US-states-population.htm, line 1133: TypeError: header is null
JavaScript error: https://www.nationsonline.org/oneworld/US-states-population.htm, line 1133: TypeError: header is null
JavaScript error: https://www.nationsonline.org/oneworld/US-states-population.htm, line 1133: TypeError: header is null
JavaScript error: https://www.nationsonline.org/oneworld/US-states-population.htm, line 1133: TypeError: header is null
JavaScript error: https://www.nationsonline.org/oneworld/US-states-population.htm, line 1133: TypeError: header is null
JavaScript error: https://www.nationsonline.org/oneworld/US-states-population.htm, line 1133: TypeError: header is null
JavaScript error: https://www.nationsonline.org/oneworld/US-states-population.htm, line 1133: TypeError: header is null
JavaScript error: https://www.nationsonline.org/oneworld/US-states-population.htm, line 1133: TypeError: header is null
JavaScript error: https://www.nationsonline.org/oneworld/US-states-population.htm, line 1133: TypeError: header is null
JavaScript error: https://www.nationsonline.org/oneworld/US-states-population.htm, line 1133: TypeError: header is null
JavaScript error: https://www.nationsonline.org/oneworld/US-states-population.htm, line 1133: TypeError: header is null
JavaScript error: https://www.nationsonline.org/oneworld/US-states-population.htm, line 1133: TypeError: header is null
JavaScript error: https://www.nationsonline.org/oneworld/US-states-population.htm, line 1133: TypeError: header is null
JavaScript error: https://www.nationsonline.org/oneworld/US-states-population.htm, line 1133: TypeError: header is null
JavaScript error: https://www.nationsonline.org/oneworld/US-states-population.htm, line 1133: TypeError: header is null
JavaScript error: https://www.nationsonline.org/oneworld/US-states-population.htm, line 1133: TypeError: header is null
JavaScript error: https://www.nationsonline.org/oneworld/US-states-population.htm, line 1133: TypeError: header is null
JavaScript error: https://www.nationsonline.org/oneworld/US-states-population.htm, line 1133: TypeError: header is null
JavaScript error: https://www.nationsonline.org/oneworld/US-states-population.htm, line 1133: TypeError: header is null
JavaScript error: https://www.nationsonline.org/oneworld/US-states-population.htm, line 1133: TypeError: header is null
JavaScript error: https://www.nationsonline.org/oneworld/US-states-population.htm, line 1133: TypeError: header is null
JavaScript error: https://www.nationsonline.org/oneworld/US-states-population.htm, line 1133: TypeError: header is null
JavaScript error: https://www.nationsonline.org/oneworld/US-states-population.htm, line 1133: TypeError: header is null
JavaScript error: https://www.nationsonline.org/oneworld/US-states-population.htm, line 1133: TypeError: header is null
JavaScript error: https://www.nationsonline.org/oneworld/US-states-population.htm, line 1133: TypeError: header is null
JavaScript error: https://www.nationsonline.org/oneworld/US-states-population.htm, line 1133: TypeError: header is null
JavaScript error: https://www.nationsonline.org/oneworld/US-states-population.htm, line 1133: TypeError: header is null
JavaScript error: https://www.nationsonline.org/oneworld/US-states-population.htm, line 1133: TypeError: header is null
JavaScript error: https://www.nationsonline.org/oneworld/US-states-population.htm, line 1133: TypeError: header is null
JavaScript error: https://www.nationsonline.org/oneworld/US-states-population.htm, line 1133: TypeError: header is null
JavaScript error: https://www.nationsonline.org/oneworld/US-states-population.htm, line 1133: TypeError: header is null
JavaScript error: https://www.nationsonline.org/oneworld/US-states-population.htm, line 1133: TypeError: header is null
JavaScript error: https://www.nationsonline.org/oneworld/US-states-population.htm, line 1133: TypeError: header is null
JavaScript error: https://www.nationsonline.org/oneworld/US-states-population.htm, line 1133: TypeError: header is null
JavaScript error: https://www.nationsonline.org/oneworld/US-states-population.htm, line 1133: TypeError: header is null
JavaScript error: https://www.nationsonline.org/oneworld/US-states-population.htm, line 1133: TypeError: header is null
JavaScript error: https://www.nationsonline.org/oneworld/US-states-population.htm, line 1133: TypeError: header is null
JavaScript error: https://www.nationsonline.org/oneworld/US-states-population.htm, line 1133: TypeError: header is null
JavaScript error: https://www.nationsonline.org/oneworld/US-states-population.htm, line 1133: TypeError: header is null
JavaScript error: https://www.nationsonline.org/oneworld/US-states-population.htm, line 1133: TypeError: header is null
JavaScript error: https://www.nationsonline.org/oneworld/US-states-population.htm, line 1133: TypeError: header is null
JavaScript error: https://www.nationsonline.org/oneworld/US-states-population.htm, line 1133: TypeError: header is null
JavaScript error: https://www.nationsonline.org/oneworld/US-states-population.htm, line 1133: TypeError: header is null
JavaScript error: https://www.nationsonline.org/oneworld/US-states-population.htm, line 1133: TypeError: header is null
JavaScript error: https://www.nationsonline.org/oneworld/US-states-population.htm, line 1133: TypeError: header is null
JavaScript error: https://www.nationsonline.org/oneworld/US-states-population.htm, line 1133: TypeError: header is null
JavaScript error: https://www.nationsonline.org/oneworld/US-states-population.htm, line 1133: TypeError: header is null
JavaScript error: https://www.nationsonline.org/oneworld/US-states-population.htm, line 1133: TypeError: header is null
JavaScript error: https://www.nationsonline.org/oneworld/US-states-population.htm, line 1133: TypeError: header is null
JavaScript error: https://www.nationsonline.org/oneworld/US-states-population.htm, line 1133: TypeError: header is null
JavaScript error: https://www.nationsonline.org/oneworld/US-states-population.htm, line 1133: TypeError: header is null
JavaScript error: https://www.nationsonline.org/oneworld/US-states-population.htm, line 1133: TypeError: header is null
JavaScript error: https://www.nationsonline.org/oneworld/US-states-population.htm, line 1133: TypeError: header is null
JavaScript error: https://www.nationsonline.org/oneworld/US-states-population.htm, line 1133: TypeError: header is null
JavaScript error: https://www.nationsonline.org/oneworld/US-states-population.htm, line 1133: TypeError: header is null
JavaScript error: https://www.nationsonline.org/oneworld/US-states-population.htm, line 1133: TypeError: header is null
JavaScript error: https://www.nationsonline.org/oneworld/US-states-population.htm, line 1133: TypeError: header is null
JavaScript error: https://www.nationsonline.org/oneworld/US-states-population.htm, line 1133: TypeError: header is null
JavaScript error: https://www.nationsonline.org/oneworld/US-states-population.htm, line 1133: TypeError: header is null
JavaScript error: https://www.nationsonline.org/oneworld/US-states-population.htm, line 1133: TypeError: header is null
JavaScript error: https://www.nationsonline.org/oneworld/US-states-population.htm, line 1133: TypeError: header is null
JavaScript error: https://www.nationsonline.org/oneworld/US-states-population.htm, line 1133: TypeError: header is null
JavaScript error: https://www.nationsonline.org/oneworld/US-states-population.htm, line 1127: TypeError: header is null
JavaScript error: resource://gre/modules/XULStore.jsm, line 66: Error: Can't find profile directory.
JavaScript error: resource://gre/modules/XULStore.jsm, line 66: Error: Can't find profile directory.
JavaScript error: resource://gre/modules/XULStore.jsm, line 66: Error: Can't find profile directory.
JavaScript error: resource://gre/modules/XULStore.jsm, line 66: Error: Can't find profile directory.
JavaScript error: resource://gre/modules/XULStore.jsm, line 66: Error: Can't find profile directory.
JavaScript error: resource://gre/modules/XULStore.jsm, line 66: Error: Can't find profile directory.
JavaScript error: resource://gre/modules/XULStore.jsm, line 66: Error: Can't find profile directory.
JavaScript error: resource://gre/modules/XULStore.jsm, line 66: Error: Can't find profile directory.
1606760587906	FirefoxAccounts	ERROR	FxA rejecting with error NO_ACCOUNT, details: undefined
1606805048484	Marionette	INFO	Stopped listening on port 50640

###!!! [Child][RunMessage] Error: Channel closing: too late to send/recv, messages will be lost


###!!! [Child][MessageChannel::SendAndWait] Error: Channel error: cannot send/recv

1606847801139	geckodriver	INFO	Listening on 127.0.0.1:54674
1606847804192	mozrunner::runner	INFO	Running command: "C:\\Program Files\\Mozilla Firefox\\firefox.exe" "--marionette" "-foreground" "-no-remote" "-profile" "C:\\Users\\neejo\\AppData\\Local\\Temp\\rust_mozprofilepZ205f"
Can't find symbol 'eglSwapBuffersWithDamageEXT'.
JavaScript error: resource://gre/modules/XULStore.jsm, line 66: Error: Can't find profile directory.
console.warn: SearchSettings: "get: No settings file exists, new profile?" (new Error("", "(unknown module)"))
1606847809889	Marionette	INFO	Listening on port 54685
1606847810019	Marionette	WARN	TLS certificate errors will be ignored for this session
1606867102930	geckodriver	INFO	Listening on 127.0.0.1:65494
1606867105970	mozrunner::runner	INFO	Running command: "C:\\Program Files\\Mozilla Firefox\\firefox.exe" "--marionette" "-foreground" "-no-remote" "-profile" "C:\\Users\\neejo\\AppData\\Local\\Temp\\rust_mozprofilepmwTFW"
Can't find symbol 'eglSwapBuffersWithDamageEXT'.
JavaScript error: resource://gre/modules/XULStore.jsm, line 66: Error: Can't find profile directory.
console.warn: SearchSettings: "get: No settings file exists, new profile?" (new Error("", "(unknown module)"))
1606867109707	Marionette	INFO	Listening on port 65508
1606867110127	Marionette	WARN	TLS certificate errors will be ignored for this session
JavaScript warning: https://www.worldometers.info/coronavirus//country/us/, line 5966: unreachable code after return statement
JavaScript warning: https://www.worldometers.info/coronavirus//country/us/, line 6024: unreachable code after return statement
Can't find symbol 'eglSwapBuffersWithDamageEXT'.
JavaScript error: https://cdn.datatables.net/1.10.19/js/jquery.dataTables.min.js, line 56: TypeError: f[0] is undefined
JavaScript error: https://cdn.datatables.net/1.10.19/js/jquery.dataTables.min.js, line 56: TypeError: f[0] is undefined
JavaScript error: https://cdn.datatables.net/1.10.19/js/jquery.dataTables.min.js, line 56: TypeError: f[0] is undefined
SourceActor threw an exception: [Exception... "Component returned failure code: 0x80470002 (NS_BASE_STREAM_CLOSED) [nsIInputStream.available]"  nsresult: "0x80470002 (NS_BASE_STREAM_CLOSED)"  location: "JS frame :: resource://devtools/shared/DevToolsUtils.js :: onResponse :: line 567"  data: no]
Stack: onResponse@resource://devtools/shared/DevToolsUtils.js:567:34
onStopRequest@resource://gre/modules/NetUtil.jsm:128:18
Line: 567, column: 0
console.error: ({})
JavaScript warning: https://www.worldometers.info/coronavirus//country/us/, line 5966: unreachable code after return statement
JavaScript warning: https://www.worldometers.info/coronavirus//country/us/, line 6024: unreachable code after return statement
JavaScript error: resource://devtools/shared/DevToolsUtils.js, line 567: NS_BASE_STREAM_CLOSED: Component returned failure code: 0x80470002 (NS_BASE_STREAM_CLOSED) [nsIInputStream.available]
[Child 14180, Chrome_ChildThread] WARNING: pipe error: 232: file /builds/worker/checkouts/gecko/ipc/chromium/src/chrome/common/ipc_channel_win.cc, line 545

###!!! [Child][RunMessage] Error: Channel error: cannot send/recv

1606867574166	Marionette	INFO	Stopped listening on port 65508

###!!! [Child][RunMessage] Error: Channel closing: too late to send/recv, messages will be lost


###!!! [Child][MessageChannel::SendAndWait] Error: Channel error: cannot send/recv

1606867696865	geckodriver	INFO	Listening on 127.0.0.1:50872
1606867699888	mozrunner::runner	INFO	Running command: "C:\\Program Files\\Mozilla Firefox\\firefox.exe" "--marionette" "-foreground" "-no-remote" "-profile" "C:\\Users\\neejo\\AppData\\Local\\Temp\\rust_mozprofileFyJcWX"
Can't find symbol 'eglSwapBuffersWithDamageEXT'.
JavaScript error: resource://gre/modules/XULStore.jsm, line 66: Error: Can't find profile directory.
console.warn: SearchSettings: "get: No settings file exists, new profile?" (new Error("", "(unknown module)"))
1606867703841	Marionette	INFO	Listening on port 50893
1606867704052	Marionette	WARN	TLS certificate errors will be ignored for this session
JavaScript warning: https://www.worldometers.info/coronavirus//country/us/, line 5963: unreachable code after return statement
JavaScript warning: https://www.worldometers.info/coronavirus//country/us/, line 6021: unreachable code after return statement
1606867707794	Marionette	INFO	Stopped listening on port 50893
JavaScript error: resource://gre/modules/Sqlite.jsm, line 1031: Error: Sqlite.jsm has been shutdown. Cannot open connection to: C:\Users\neejo\AppData\Local\Temp\rust_mozprofileFyJcWX\protections.sqlite

###!!! [Child][RunMessage] Error: Channel closing: too late to send/recv, messages will be lost


###!!! [Child][MessageChannel::SendAndWait] Error: Channel error: cannot send/recv

1606867807904	geckodriver	INFO	Listening on 127.0.0.1:51276
1606867810922	mozrunner::runner	INFO	Running command: "C:\\Program Files\\Mozilla Firefox\\firefox.exe" "--marionette" "-foreground" "-no-remote" "-profile" "C:\\Users\\neejo\\AppData\\Local\\Temp\\rust_mozprofileneRouR"
Can't find symbol 'eglSwapBuffersWithDamageEXT'.
JavaScript error: resource://gre/modules/XULStore.jsm, line 66: Error: Can't find profile directory.
console.warn: SearchSettings: "get: No settings file exists, new profile?" (new Error("", "(unknown module)"))
1606867814343	Marionette	INFO	Listening on port 51299
1606867814613	Marionette	WARN	TLS certificate errors will be ignored for this session
JavaScript warning: https://www.worldometers.info/coronavirus//country/us/, line 5963: unreachable code after return statement
JavaScript warning: https://www.worldometers.info/coronavirus//country/us/, line 6021: unreachable code after return statement
1606867825377	Marionette	INFO	Stopped listening on port 51299

###!!! [Child][RunMessage] Error: Channel closing: too late to send/recv, messages will be lost


###!!! [Child][MessageChannel::SendAndWait] Error: Channel error: cannot send/recv

1606868060524	geckodriver	INFO	Listening on 127.0.0.1:52045
1606868063547	mozrunner::runner	INFO	Running command: "C:\\Program Files\\Mozilla Firefox\\firefox.exe" "--marionette" "-foreground" "-no-remote" "-profile" "C:\\Users\\neejo\\AppData\\Local\\Temp\\rust_mozprofileH65ll5"
Can't find symbol 'eglSwapBuffersWithDamageEXT'.
JavaScript error: resource://gre/modules/XULStore.jsm, line 66: Error: Can't find profile directory.
console.warn: SearchSettings: "get: No settings file exists, new profile?" (new Error("", "(unknown module)"))
1606868067386	Marionette	INFO	Listening on port 52066
1606868067693	Marionette	WARN	TLS certificate errors will be ignored for this session
JavaScript warning: https://www.worldometers.info/coronavirus//country/us/, line 5964: unreachable code after return statement
JavaScript warning: https://www.worldometers.info/coronavirus//country/us/, line 6022: unreachable code after return statement
1606868076963	Marionette	INFO	Stopped listening on port 52066
JavaScript error: , line 0: uncaught exception: undefined

###!!! [Child][MessageChannel::SendAndWait] Error: Channel error: cannot send/recv

1606869288857	geckodriver	INFO	Listening on 127.0.0.1:55402
1606869291904	mozrunner::runner	INFO	Running command: "C:\\Program Files\\Mozilla Firefox\\firefox.exe" "--marionette" "-foreground" "-no-remote" "-profile" "C:\\Users\\neejo\\AppData\\Local\\Temp\\rust_mozprofile8s9qO9"
Can't find symbol 'eglSwapBuffersWithDamageEXT'.
JavaScript error: resource://gre/modules/XULStore.jsm, line 66: Error: Can't find profile directory.
console.warn: SearchSettings: "get: No settings file exists, new profile?" (new Error("", "(unknown module)"))
1606869294876	Marionette	INFO	Listening on port 55417
1606869295063	Marionette	WARN	TLS certificate errors will be ignored for this session
JavaScript warning: https://www.worldometers.info/coronavirus/#countries/, line 22012: unreachable code after return statement
JavaScript warning: https://www.worldometers.info/coronavirus/#countries/, line 22068: unreachable code after return statement
Can't find symbol 'eglSwapBuffersWithDamageEXT'.
